2024-05-24 00:35:16,440 - [INFO]
WMA9OI8BUEOaUejDbvqe
[/dcfs-share/dcfs-run/detection.py <module> 50]

2024-05-24 00:35:16,440 - [INFO]

[/dcfs-share/dcfs-run/detection.py <module> 51]

2024-05-24 00:35:16,440 - [INFO]
Start doing detection task.
[/dcfs-share/dcfs-run/detection.py <module> 54]

2024-05-24 00:35:16,440 - [INFO]
Connect to elasticsearch.
[/dcfs-share/dcfs-run/detection.py <module> 55]

2024-05-24 00:35:16,441 - [INFO]
Connect finished.
[/dcfs-share/dcfs-run/detection.py <module> 66]

2024-05-24 00:35:16,441 - [INFO]
Start gathering information about detection task.
[/dcfs-share/dcfs-run/detection.py get_detection_task 79]

2024-05-24 00:35:16,444 - [INFO]
{'TaskInfo': {'TaskName': '0415_mssql_int+str', 'Ip': '192.168.103.174', 'Port': '3306', 'DbName': 'TestDB', 'DbType': 'mysql', 'UserName': 'yuyu', 'Password': 'tp6ej04m6', 'TableName': 'Score', 'IntColCheckList': ['Chinese', 'Science', 'Math'], 'StrColCheckList': [], 'IntPkCol': 'StudentId', 'ExpectCount': 3, 'Intervals': 1, 'PkMax': 80, 'TimestampCol': None, 'SuccessCount': 1, 'FailCount': 2, 'ExecutionCount': 3, 'Enable': True, 'StartTime': '2024-05-02T07:38:21.213400', 'NextTime': '2024-05-02T11:38:21.213400', 'TaskID': 'WMA9OI8BUEOaUejDbvqe', 'TaskSetUpTime': '2024-05-02T07:38:21.233524', 'db_url': 'mysql+pymysql://yuyu:tp6ej04m6@192.168.103.174:3306/TestDB'}, 'InitialStat': {'PkMax': 10, 'Science': {'Mean': 84, 'Min': 70, 'Max': 92, 'Var': 6, 'DataType': 'num', 'Percentiles': [70.0, 78.1, 79.8, 81.4, 83.2, 84.5, 85.8, 87.3, 88.4, 90.2, 92.0]}, 'Chinese': {'Mean': 82, 'Min': 65, 'Max': 95, 'Var': 9, 'DataType': 'num', 'Percentiles': [65.0, 72.2, 75.4, 77.4, 81.6, 84.5, 86.2, 88.0, 88.4, 90.5, 95.0]}, 'Math': {'Mean': 85, 'Min': 75, 'Max': 94, 'Var': 7, 'DataType': 'num', 'Percentiles': [75.0, 76.8, 77.8, 82.9, 85.6, 86.5, 87.8, 89.6, 91.2, 92.2, 94.0]}, 'PkMin': 1}}
[/dcfs-share/dcfs-run/detection.py get_detection_task 95]

2024-05-24 00:35:16,444 - [INFO]
Check whether to calculate statistics or do detection.
[/dcfs-share/dcfs-run/detection.py calculate_statistics_or_detection 99]

2024-05-24 00:35:16,444 - [INFO]
Calculate statistics.
[/dcfs-share/dcfs-run/detection.py calculate_statistics_or_detection 101]

2024-05-24 00:35:16,444 - [INFO]
Check detection size.
[/dcfs-share/dcfs-run/detection.py check_data_size 106]

2024-05-24 00:35:16,451 - [INFO]
SELECT count(*) AS row_count, max(StudentId) AS max_ind FROM Score WHERE StudentId > 80
[/dcfs-share/dcfs-run/detection.py check_data_size 140]

2024-05-24 00:35:16,457 - [INFO]
   row_count max_ind
0          0    None
[/dcfs-share/dcfs-run/detection.py check_data_size 143]

2024-05-24 00:35:16,462 - [INFO]
Task row count: 0
[/dcfs-share/dcfs-run/detection.py check_data_size 147]

2024-05-24 00:35:16,462 - [INFO]
Task index range:: (81, None)
[/dcfs-share/dcfs-run/detection.py check_data_size 152]

2024-05-24 00:35:16,462 - [INFO]
Start getting sample data
[/dcfs-share/dcfs-run/detection.py get_sample_data 159]

2024-05-24 00:35:16,466 - [INFO]
['Chinese', 'Science', 'StudentId', 'Math', 'item']
[/dcfs-share/dcfs-run/detection.py get_sample_data 222]

2024-05-24 00:35:16,466 - [INFO]
Empty DataFrame
Columns: [Chinese, Science, StudentId, Math, item]
Index: []
[/dcfs-share/dcfs-run/detection.py get_sample_data 223]

2024-05-24 00:35:16,467 - [INFO]
No new data created between two detection periods.
[/dcfs-share/dcfs-run/detection.py record_none_detection 519]

2024-05-24 00:35:16,470 - [INFO]
{'_index': 'data_detection_result', '_id': 'i7gFqI8BGsMMX9qu_-B0', '_version': 1, 'result': 'created', '_shards': {'total': 2, 'successful': 1, 'failed': 0}, '_seq_no': 167, '_primary_term': 8}
[/dcfs-share/dcfs-run/detection.py record_none_detection 540]

2024-05-24 00:35:16,473 - [INFO]
{'_index': 'data_detection_task', '_id': 'WMA9OI8BUEOaUejDbvqe', '_version': 11, 'result': 'updated', '_shards': {'total': 2, 'successful': 1, 'failed': 0}, '_seq_no': 791, '_primary_term': 8}
[/dcfs-share/dcfs-run/detection.py record_none_detection 556]

2024-05-24 00:35:16,473 - [INFO]
Detection task end.
[/dcfs-share/dcfs-run/detection.py <module> 608]

