2024-05-02 07:51:06,613 - [INFO]
manual

[/dcfs-share/dcfs-run/detection.py <module> 50]

2024-05-02 07:51:06,613 - [INFO]
WMA9OI8BUEOaUejDbvqe
[/dcfs-share/dcfs-run/detection.py <module> 51]

2024-05-02 07:51:06,613 - [INFO]
Start doing detection task.
[/dcfs-share/dcfs-run/detection.py <module> 54]

2024-05-02 07:51:06,613 - [INFO]
Connect to elasticsearch.
[/dcfs-share/dcfs-run/detection.py <module> 55]

2024-05-02 07:51:06,613 - [INFO]
Connect finished.
[/dcfs-share/dcfs-run/detection.py <module> 66]

2024-05-02 07:51:06,613 - [INFO]
Start gathering information about detection task.
[/dcfs-share/dcfs-run/detection.py get_detection_task 79]

2024-05-02 07:51:06,618 - [INFO]
{'TaskInfo': {'TaskName': '0415_mssql_int+str', 'Ip': '192.168.103.174', 'Port': '3306', 'DbName': 'TestDB', 'DbType': 'mysql', 'UserName': 'yuyu', 'Password': 'tp6ej04m6', 'TableName': 'Score', 'IntColCheckList': ['Chinese', 'Science', 'Math'], 'StrColCheckList': [], 'IntPkCol': 'StudentId', 'ExpectCount': 3, 'Intervals': 1, 'PkMax': 10, 'TimestampCol': None, 'SuccessCount': 0, 'FailCount': 1, 'ExecutionCount': 1, 'Enable': True, 'StartTime': '2024-05-02T07:38:21.213400', 'NextTime': '2024-05-02T08:38:21.213400', 'TaskID': 'WMA9OI8BUEOaUejDbvqe', 'TaskSetUpTime': '2024-05-02T07:38:21.233524', 'db_url': 'mysql+pymysql://yuyu:tp6ej04m6@192.168.103.174:3306/TestDB'}, 'InitialStat': {'PkMax': 10, 'Science': {'Mean': 84, 'Min': 70, 'Max': 92, 'Var': 6, 'DataType': 'num', 'Percentiles': [70.0, 78.1, 79.8, 81.4, 83.2, 84.5, 85.8, 87.3, 88.4, 90.2, 92.0]}, 'Chinese': {'Mean': 82, 'Min': 65, 'Max': 95, 'Var': 9, 'DataType': 'num', 'Percentiles': [65.0, 72.2, 75.4, 77.4, 81.6, 84.5, 86.2, 88.0, 88.4, 90.5, 95.0]}, 'Math': {'Mean': 85, 'Min': 75, 'Max': 94, 'Var': 7, 'DataType': 'num', 'Percentiles': [75.0, 76.8, 77.8, 82.9, 85.6, 86.5, 87.8, 89.6, 91.2, 92.2, 94.0]}, 'PkMin': 1}}
[/dcfs-share/dcfs-run/detection.py get_detection_task 95]

2024-05-02 07:51:06,618 - [INFO]
Check whether to calculate statistics or do detection.
[/dcfs-share/dcfs-run/detection.py calculate_statistics_or_detection 99]

2024-05-02 07:51:06,618 - [INFO]
Calculate statistics.
[/dcfs-share/dcfs-run/detection.py calculate_statistics_or_detection 101]

2024-05-02 07:51:06,618 - [INFO]
Check detection size.
[/dcfs-share/dcfs-run/detection.py check_data_size 106]

2024-05-02 07:51:06,629 - [INFO]
SELECT count(*) AS row_count, max(StudentId) AS max_ind FROM Score WHERE StudentId > 10
[/dcfs-share/dcfs-run/detection.py check_data_size 140]

2024-05-02 07:51:06,666 - [INFO]
   row_count  max_ind
0         10       20
[/dcfs-share/dcfs-run/detection.py check_data_size 143]

2024-05-02 07:51:06,671 - [INFO]
Task row count: 10
[/dcfs-share/dcfs-run/detection.py check_data_size 147]

2024-05-02 07:51:06,671 - [INFO]
Task index range:: (11, 20)
[/dcfs-share/dcfs-run/detection.py check_data_size 152]

2024-05-02 07:51:06,671 - [INFO]
Start getting sample data
[/dcfs-share/dcfs-run/detection.py get_sample_data 159]

2024-05-02 07:51:06,675 - [INFO]
['Chinese', 'Science', 'StudentId', 'Math', 'item']
[/dcfs-share/dcfs-run/detection.py get_sample_data 222]

2024-05-02 07:51:06,676 - [INFO]
   Chinese  Science  StudentId  Math    item
0       64       82         11    75  Test 2
1       77       68         12    85  Test 2
2       88       91         13    94  Test 2
[/dcfs-share/dcfs-run/detection.py get_sample_data 223]

2024-05-02 07:51:06,683 - [INFO]
Start executing detection task.
[/dcfs-share/dcfs-run/detection.py detect_data_quality 327]

2024-05-02 07:51:06,684 - [INFO]
{'TaskID': 'WMA9OI8BUEOaUejDbvqe', 'TaskName': '0415_mssql_int+str', 'TaskStatus': True, 'Timestamp': '2024-05-02T07:51:06.684828', 'ValidationResult': True, 'Result': {'SampleNum': 10, 'Detail': {'Chinese': {'DataType': 'num', 'Mean': 78, 'Var': 12, 'Min': 56, 'Max': 95, 'Percentiles': [56.0, 63.2, 67.2, 72.9, 76.2, 78.0, 81.0, 85.2, 88.2, 89.6, 95.0], 'ValueOutOf3var': [], 'ValueOutOf5var': [], 'IsPass': True}, 'Science': {'DataType': 'num', 'Mean': 82, 'Var': 9, 'Min': 68, 'Max': 92, 'Percentiles': [68.0, 69.8, 74.8, 77.4, 80.4, 83.5, 85.4, 87.2, 90.2, 91.1, 92.0], 'ValueOutOf3var': [], 'ValueOutOf5var': [], 'IsPass': True}, 'Math': {'DataType': 'num', 'Mean': 82, 'Var': 9, 'Min': 67, 'Max': 94, 'Percentiles': [67.0, 71.5, 74.4, 78.5, 82.4, 84.5, 85.8, 87.3, 89.0, 93.1, 94.0], 'ValueOutOf3var': [], 'ValueOutOf5var': [], 'IsPass': True}}, 'PkMin': 11, 'PkMax': 20}, 'ExecutionType': 'Manual'}
[/dcfs-share/dcfs-run/detection.py detect_data_quality 477]

2024-05-02 07:51:06,684 - [INFO]
Start recording detection result.
[/dcfs-share/dcfs-run/detection.py record_detection 481]

2024-05-02 07:51:06,685 - [INFO]
{'TaskID': 'WMA9OI8BUEOaUejDbvqe', 'TaskName': '0415_mssql_int+str', 'TaskStatus': True, 'Timestamp': '2024-05-02T07:51:06.684996', 'ValidationResult': True, 'Result': {'SampleNum': 10, 'Detail': {'Chinese': {'DataType': 'num', 'Mean': 78, 'Var': 12, 'Min': 56, 'Max': 95, 'Percentiles': [56.0, 63.2, 67.2, 72.9, 76.2, 78.0, 81.0, 85.2, 88.2, 89.6, 95.0], 'ValueOutOf3var': [], 'ValueOutOf5var': [], 'IsPass': True}, 'Science': {'DataType': 'num', 'Mean': 82, 'Var': 9, 'Min': 68, 'Max': 92, 'Percentiles': [68.0, 69.8, 74.8, 77.4, 80.4, 83.5, 85.4, 87.2, 90.2, 91.1, 92.0], 'ValueOutOf3var': [], 'ValueOutOf5var': [], 'IsPass': True}, 'Math': {'DataType': 'num', 'Mean': 82, 'Var': 9, 'Min': 67, 'Max': 94, 'Percentiles': [67.0, 71.5, 74.4, 78.5, 82.4, 84.5, 85.8, 87.3, 89.0, 93.1, 94.0], 'ValueOutOf3var': [], 'ValueOutOf5var': [], 'IsPass': True}}, 'PkMin': 11, 'PkMax': 20}, 'ExecutionType': 'Manual'}
[/dcfs-share/dcfs-run/detection.py record_detection 485]

2024-05-02 07:51:06,685 - [INFO]
{'doc': {'TaskInfo': {}}}
[/dcfs-share/dcfs-run/detection.py record_detection 512]

2024-05-02 07:51:06,707 - [INFO]
{'_index': 'data_detection_result', '_id': 'XMBJOI8BUEOaUejDHPq9', '_version': 1, 'result': 'created', '_shards': {'total': 2, 'successful': 1, 'failed': 0}, '_seq_no': 161, '_primary_term': 7}
[/dcfs-share/dcfs-run/detection.py record_detection 515]

2024-05-02 07:51:06,707 - [INFO]
{'_index': 'data_detection_task', '_id': 'WMA9OI8BUEOaUejDbvqe', '_version': 5, 'result': 'noop', '_shards': {'total': 0, 'successful': 0, 'failed': 0}, '_seq_no': 779, '_primary_term': 7}
[/dcfs-share/dcfs-run/detection.py record_detection 516]

2024-05-02 07:51:06,707 - [INFO]
Detection task end.
[/dcfs-share/dcfs-run/detection.py <module> 608]

