2024-05-02 07:37:14,044 - [INFO]
V8A8OI8BUEOaUejDXvqw
[/dcfs-share/dcfs-run/detection.py <module> 50]

2024-05-02 07:37:14,044 - [INFO]

[/dcfs-share/dcfs-run/detection.py <module> 51]

2024-05-02 07:37:14,044 - [INFO]
Start doing detection task.
[/dcfs-share/dcfs-run/detection.py <module> 54]

2024-05-02 07:37:14,044 - [INFO]
Connect to elasticsearch.
[/dcfs-share/dcfs-run/detection.py <module> 55]

2024-05-02 07:37:14,044 - [INFO]
Connect finished.
[/dcfs-share/dcfs-run/detection.py <module> 66]

2024-05-02 07:37:14,044 - [INFO]
Start gathering information about detection task.
[/dcfs-share/dcfs-run/detection.py get_detection_task 79]

2024-05-02 07:37:14,046 - [INFO]
{'TaskInfo': {'TaskName': '0415_mssql_int+str', 'Ip': '192.168.103.174', 'Port': '3306', 'DbName': 'TestDB', 'DbType': 'mysql', 'UserName': 'yuyu', 'Password': 'tp6ej04m6', 'TableName': 'Score', 'IntColCheckList': ['Chinese', 'Science', 'Math'], 'StrColCheckList': ['item'], 'ExpectCount': 3, 'Intervals': 1, 'IntPkCol': None, 'TimestampCol': None, 'SuccessCount': 0, 'FailCount': 0, 'ExecutionCount': 0, 'Enable': True, 'StartTime': '2024-05-02T07:37:11.585077', 'NextTime': '2024-05-02T07:37:11.585077', 'TaskID': 'V8A8OI8BUEOaUejDXvqw', 'TaskSetUpTime': '2024-05-02T07:37:11.601905', 'db_url': 'mysql+pymysql://yuyu:tp6ej04m6@192.168.103.174:3306/TestDB'}}
[/dcfs-share/dcfs-run/detection.py get_detection_task 95]

2024-05-02 07:37:14,047 - [INFO]
Check whether to calculate statistics or do detection.
[/dcfs-share/dcfs-run/detection.py calculate_statistics_or_detection 99]

2024-05-02 07:37:14,047 - [INFO]
Do detection.
[/dcfs-share/dcfs-run/detection.py calculate_statistics_or_detection 101]

2024-05-02 07:37:14,047 - [INFO]
Check detection size.
[/dcfs-share/dcfs-run/detection.py check_data_size 106]

2024-05-02 07:37:14,054 - [INFO]
SELECT count(*) AS row_count FROM Score
[/dcfs-share/dcfs-run/detection.py check_data_size 140]

2024-05-02 07:37:14,059 - [INFO]
   row_count
0         10
[/dcfs-share/dcfs-run/detection.py check_data_size 143]

2024-05-02 07:37:14,063 - [INFO]
Task row count: 10
[/dcfs-share/dcfs-run/detection.py check_data_size 147]

2024-05-02 07:37:14,063 - [INFO]
Start getting sample data
[/dcfs-share/dcfs-run/detection.py get_sample_data 159]

2024-05-02 07:37:14,067 - [INFO]
['Chinese', 'Science', 'StudentId', 'Math', 'item']
[/dcfs-share/dcfs-run/detection.py get_sample_data 222]

2024-05-02 07:37:14,067 - [INFO]
   Chinese  Science  StudentId  Math    item
0       78       85          1    92  Test 1
1       88       90          2    87  Test 1
2       65       70          3    75  Test 1
[/dcfs-share/dcfs-run/detection.py get_sample_data 223]

2024-05-02 07:37:14,074 - [INFO]
Start collecting statistics.
[/dcfs-share/dcfs-run/detection.py collect_statistics 228]

2024-05-02 07:37:14,076 - [INFO]
{'Chinese': {'DataType': 'num', 'Mean': 82, 'Var': 9, 'Min': 65, 'Max': 95, 'Percentiles': [65.0, 72.2, 75.4, 77.4, 81.6, 84.5, 86.2, 88.0, 88.4, 90.5, 95.0]}, 'Science': {'DataType': 'num', 'Mean': 84, 'Var': 6, 'Min': 70, 'Max': 92, 'Percentiles': [70.0, 78.1, 79.8, 81.4, 83.2, 84.5, 85.8, 87.3, 88.4, 90.2, 92.0]}, 'Math': {'DataType': 'num', 'Mean': 85, 'Var': 7, 'Min': 75, 'Max': 94, 'Percentiles': [75.0, 76.8, 77.8, 82.9, 85.6, 86.5, 87.8, 89.6, 91.2, 92.2, 94.0]}, 'item': {'DataType': 'category', 'CategorySet': ['Test 1']}}
[/dcfs-share/dcfs-run/detection.py collect_statistics 304]

2024-05-02 07:37:14,076 - [INFO]
Start record statistics.
[/dcfs-share/dcfs-run/detection.py record_statistics 308]

2024-05-02 07:37:14,076 - [INFO]
{'TaskInfo': {'TaskName': '0415_mssql_int+str', 'Ip': '192.168.103.174', 'Port': '3306', 'DbName': 'TestDB', 'DbType': 'mysql', 'UserName': 'yuyu', 'Password': 'tp6ej04m6', 'TableName': 'Score', 'IntColCheckList': ['Chinese', 'Science', 'Math'], 'StrColCheckList': ['item'], 'ExpectCount': 3, 'Intervals': 1, 'IntPkCol': None, 'TimestampCol': None, 'SuccessCount': 0, 'FailCount': 0, 'ExecutionCount': 0, 'Enable': True, 'StartTime': '2024-05-02T07:37:11.585077', 'NextTime': '2024-05-02T07:37:11.585077', 'TaskID': 'V8A8OI8BUEOaUejDXvqw', 'TaskSetUpTime': '2024-05-02T07:37:11.601905', 'db_url': 'mysql+pymysql://yuyu:tp6ej04m6@192.168.103.174:3306/TestDB', 'row_count': 10}, 'InitialStat': {'Chinese': {'DataType': 'num', 'Mean': 82, 'Var': 9, 'Min': 65, 'Max': 95, 'Percentiles': [65.0, 72.2, 75.4, 77.4, 81.6, 84.5, 86.2, 88.0, 88.4, 90.5, 95.0]}, 'Science': {'DataType': 'num', 'Mean': 84, 'Var': 6, 'Min': 70, 'Max': 92, 'Percentiles': [70.0, 78.1, 79.8, 81.4, 83.2, 84.5, 85.8, 87.3, 88.4, 90.2, 92.0]}, 'Math': {'DataType': 'num', 'Mean': 85, 'Var': 7, 'Min': 75, 'Max': 94, 'Percentiles': [75.0, 76.8, 77.8, 82.9, 85.6, 86.5, 87.8, 89.6, 91.2, 92.2, 94.0]}, 'item': {'DataType': 'category', 'CategorySet': ['Test 1']}}}
[/dcfs-share/dcfs-run/detection.py record_statistics 309]

2024-05-02 07:37:14,076 - [INFO]
{'doc': {'InitialStat': {'Chinese': {'DataType': 'num', 'Mean': 82, 'Var': 9, 'Min': 65, 'Max': 95, 'Percentiles': [65.0, 72.2, 75.4, 77.4, 81.6, 84.5, 86.2, 88.0, 88.4, 90.5, 95.0]}, 'Science': {'DataType': 'num', 'Mean': 84, 'Var': 6, 'Min': 70, 'Max': 92, 'Percentiles': [70.0, 78.1, 79.8, 81.4, 83.2, 84.5, 85.8, 87.3, 88.4, 90.2, 92.0]}, 'Math': {'DataType': 'num', 'Mean': 85, 'Var': 7, 'Min': 75, 'Max': 94, 'Percentiles': [75.0, 76.8, 77.8, 82.9, 85.6, 86.5, 87.8, 89.6, 91.2, 92.2, 94.0]}, 'item': {'DataType': 'category', 'CategorySet': ['Test 1']}}, 'TaskInfo': {}}}
[/dcfs-share/dcfs-run/detection.py record_statistics 322]

2024-05-02 07:37:14,109 - [INFO]
{'_index': 'data_detection_task', '_id': 'V8A8OI8BUEOaUejDXvqw', '_version': 3, 'result': 'updated', '_shards': {'total': 2, 'successful': 1, 'failed': 0}, '_seq_no': 770, '_primary_term': 7}
[/dcfs-share/dcfs-run/detection.py record_statistics 324]

2024-05-02 07:37:14,109 - [INFO]
Detection task end.
[/dcfs-share/dcfs-run/detection.py <module> 608]

